<?xml version="1.0" encoding="UTF-8"?>
<!-- Generated by org.testng.reporters.JUnitReportReporter -->
<testsuite hostname="Freds-MBP.home" failures="0" tests="2" name="test.TestNGDemo" time="0.010" errors="0" timestamp="2024-07-09T17:16:32 EDT" skipped="0">
  <testcase classname="test.TestNGDemo" name="SecondTest" time="0.002"/>
  <testcase classname="test.TestNGDemo" name="Demo" time="0.008"/>
</testsuite> <!-- test.TestNGDemo -->
