<?xml version="1.0" encoding="UTF-8"?>
<!-- Generated by org.testng.reporters.JUnitReportReporter -->
<testsuite hostname="Freds-MBP.home" failures="0" tests="2" name="test.TestNGDemoDay2" time="0.003" errors="0" timestamp="2024-07-09T17:16:32 EDT" skipped="0">
  <testcase classname="test.TestNGDemoDay2" name="DemoDay2" time="0.002"/>
  <testcase classname="test.TestNGDemoDay2" name="SecondTestDay2" time="0.001"/>
</testsuite> <!-- test.TestNGDemoDay2 -->
