<?xml version="1.0" encoding="UTF-8"?>
<!-- Generated by org.testng.reporters.JUnitReportReporter -->
<testsuite hostname="Freds-MBP.home" failures="0" tests="5" name="test.day3" time="0.016" errors="0" timestamp="2024-07-12T14:56:09 EDT" skipped="0">
  <testcase classname="test.day3" name="MobileDay3" time="0.003"/>
  <testcase classname="test.day3" name="MobileDay3" time="0.005"/>
  <testcase classname="test.day3" name="SecondTestDay3" time="0.003"/>
  <testcase classname="test.day3" name="MobileDay3" time="0.003"/>
  <testcase classname="test.day3" name="DemoDay3" time="0.002"/>
</testsuite> <!-- test.day3 -->
