<?xml version="1.0" encoding="UTF-8"?>
<!-- Generated by org.testng.reporters.JUnitReportReporter -->
<testsuite hostname="Freds-MBP.home" failures="0" tests="2" name="TestNGDemo" time="0.009" errors="0" timestamp="2024-07-09T16:32:07 EDT" skipped="0">
  <testcase classname="TestNGDemo" name="SecondTest" time="0.001"/>
  <testcase classname="TestNGDemo" name="Demo" time="0.008"/>
</testsuite> <!-- TestNGDemo -->
