<?xml version="1.0" encoding="UTF-8"?>
<!-- Generated by org.testng.reporters.JUnitReportReporter -->
<testsuite hostname="Freds-MBP.home" failures="0" tests="2" name="test.day1" time="0.006" errors="0" timestamp="2024-07-12T14:56:09 EDT" skipped="1">
  <testcase classname="test.day1" name="Demo" time="0.006"/>
  <testcase classname="test.day1" name="SecondTest">
    <skipped/>
  </testcase> <!-- SecondTest -->
</testsuite> <!-- test.day1 -->
