<?xml version="1.0" encoding="UTF-8"?>
<!-- Generated by org.testng.reporters.JUnitReportReporter -->
<testsuite hostname="Freds-MBP.home" failures="0" tests="3" name="SelPackage.day1" time="0.011" errors="0" timestamp="2024-07-16T14:46:17 EDT" skipped="0">
  <testcase classname="SelPackage.day1" name="Demo" time="0.009"/>
  <testcase classname="SelPackage.day1" name="MobileDay1" time="0.001"/>
  <testcase classname="SelPackage.day1" name="SecondTest" time="0.001"/>
</testsuite> <!-- SelPackage.day1 -->
