<?xml version="1.0" encoding="UTF-8"?>
<!-- Generated by org.testng.reporters.JUnitReportReporter -->
<testsuite hostname="Freds-MBP.home" failures="0" tests="1" name="MavenFun.SelIntroduction" time="18.629" errors="0" timestamp="2024-07-16T14:54:17 EDT" skipped="0">
  <testcase classname="MavenFun.SelIntroduction" name="selDemo" time="18.629"/>
</testsuite> <!-- MavenFun.SelIntroduction -->
