<?xml version="1.0" encoding="UTF-8"?>
<!-- Generated by org.testng.reporters.JUnitReportReporter -->
<testsuite hostname="Freds-MBP.home" failures="0" tests="1" name="MavenFun.SelIntroduction" time="17.998" errors="0" timestamp="2024-07-17T15:18:18 EDT" skipped="0">
  <testcase classname="MavenFun.SelIntroduction" name="selDemo" time="17.998"/>
</testsuite> <!-- MavenFun.SelIntroduction -->
