<?xml version="1.0" encoding="UTF-8"?>
<!-- Generated by org.testng.reporters.JUnitReportReporter -->
<testsuite hostname="Freds-MBP.home" failures="0" tests="1" name="test.day4" time="0.002" errors="0" timestamp="2024-07-16T15:18:57 EDT" skipped="0">
  <testcase classname="test.day4" name="MobileDay4" time="0.002"/>
</testsuite> <!-- test.day4 -->
